#
# There is insufficient memory for the Java Runtime Environment to continue.
# Native memory allocation (mmap) failed to map 134217728 bytes for Failed to commit area from 0x0000000080200000 to 0x0000000088200000 of length 134217728.
# Possible reasons:
#   The system is out of physical RAM or swap space
#   The process is running with CompressedOops enabled, and the Java Heap may be blocking the growth of the native heap
# Possible solutions:
#   Reduce memory load on the system
#   Increase physical memory or swap space
#   Check if swap backing store is full
#   Decrease Java heap size (-Xmx/-Xms)
#   Decrease number of Java threads
#   Decrease Java thread stack sizes (-Xss)
#   Set larger code cache with -XX:ReservedCodeCacheSize=
# This output file may be truncated or incomplete.
#
#  Out of Memory Error (./src/hotspot/os/windows/os_windows.cpp:3386), pid=11312, tid=10612
#
# JRE version:  (11.0.16.1+1) (build )
# Java VM: OpenJDK 64-Bit Server VM (11.0.16.1+1, mixed mode, sharing, tiered, compressed oops, g1 gc, windows-amd64)
# No core dump will be written. Minidumps are not enabled by default on client versions of Windows
#

---------------  S U M M A R Y ------------

Command Line: -Dfile.encoding=UTF-8 Collections.CollectionsRunner

Host: Intel(R) Core(TM) i5 CPU         650  @ 3.20GHz, 4 cores, 7G,  Windows 10 , 64 bit Build 19041 (10.0.19041.2251)
Time: Mon Nov 21 10:24:13 2022 GMT Standard Time elapsed time: 0.221957 seconds (0d 0h 0m 0s)

---------------  T H R E A D  ---------------

Current thread (0x000001e4cb64e000):  JavaThread "Unknown thread" [_thread_in_vm, id=10612, stack(0x0000001fa7a00000,0x0000001fa7b00000)]

Stack: [0x0000001fa7a00000,0x0000001fa7b00000]
Native frames: (J=compiled Java code, j=interpreted, Vv=VM code, C=native code)
V  [jvm.dll+0x61f18a]
V  [jvm.dll+0x7abb09]
V  [jvm.dll+0x7ad1f8]
V  [jvm.dll+0x7ad8d3]
V  [jvm.dll+0x24fc38]
V  [jvm.dll+0x61c49a]
V  [jvm.dll+0x610c45]
V  [jvm.dll+0x307b5c]
V  [jvm.dll+0x3079e2]
V  [jvm.dll+0x30c6f6]
V  [jvm.dll+0x352b4f]
V  [jvm.dll+0x352580]
V  [jvm.dll+0x2e4b58]
V  [jvm.dll+0x2e5cb6]
V  [jvm.dll+0x785957]
V  [jvm.dll+0x7870df]
V  [jvm.dll+0x35f899]
V  [jvm.dll+0x7688c0]
V  [jvm.dll+0x3cd3bf]
V  [jvm.dll+0x3cf751]
C  [jli.dll+0x5207]
C  [ucrtbase.dll+0x21bb2]
C  [KERNEL32.DLL+0x174b4]
C  [ntdll.dll+0x526a1]


---------------  P R O C E S S  ---------------

Threads class SMR info:
_java_thread_list=0x000001e4c94d2620, length=0, elements={
}

Java Threads: ( => current thread )

Other Threads:
  0x000001e4cb667000 GCTaskThread "GC Thread#0" [stack: 0x0000001fa7b00000,0x0000001fa7c00000] [id=11924]
  0x000001e4cb697800 ConcurrentGCThread "G1 Main Marker" [stack: 0x0000001fa7c00000,0x0000001fa7d00000] [id=11920]
  0x000001e4cb699800 ConcurrentGCThread "G1 Conc#0" [stack: 0x0000001fa7d00000,0x0000001fa7e00000] [id=5028]

[error occurred during error reporting (printing all threads), id 0xc0000005, EXCEPTION_ACCESS_VIOLATION (0xc0000005) at pc=0x00007ffa09b64327]

VM state:not at safepoint (not fully initialized)

VM Mutex/Monitor currently owned by a thread:  ([mutex/lock_event])
[0x000001e4cb64a130] Heap_lock - owner thread: 0x000001e4cb64e000

Heap address: 0x0000000080200000, size: 2046 MB, Compressed Oops mode: Non-zero based: 0x0000000080200000
Narrow klass base: 0x0000000000000000, Narrow klass shift: 0

GC Heap History (0 events):
No events

Deoptimization events (0 events):
No events

Classes redefined (0 events):
No events

Internal exceptions (0 events):
No events

Events (1 events):
Event: 0.104 Loaded shared library C:\Users\Juan2\.p2\pool\plugins\org.eclipse.justj.openjdk.hotspot.jre.full.win32.x86_64_11.0.16.v20220903-1116\jre\bin\zip.dll


Dynamic libraries:
0x00007ff74e610000 - 0x00007ff74e61d000 	C:\Users\Juan2\.p2\pool\plugins\org.eclipse.justj.openjdk.hotspot.jre.full.win32.x86_64_11.0.16.v20220903-1116\jre\bin\javaw.exe
0x00007ffa67110000 - 0x00007ffa67308000 	C:\Windows\SYSTEM32\ntdll.dll
0x00007ffa41bd0000 - 0x00007ffa41be7000 	C:\Program Files\Avast Software\Avast\aswhook.dll
0x00007ffa65710000 - 0x00007ffa657cf000 	C:\Windows\System32\KERNEL32.DLL
0x00007ffa64e50000 - 0x00007ffa65122000 	C:\Windows\System32\KERNELBASE.dll
0x00007ffa64d50000 - 0x00007ffa64e50000 	C:\Windows\System32\ucrtbase.dll
0x00007ffa55a60000 - 0x00007ffa55a75000 	C:\Users\Juan2\.p2\pool\plugins\org.eclipse.justj.openjdk.hotspot.jre.full.win32.x86_64_11.0.16.v20220903-1116\jre\bin\VCRUNTIME140.dll
0x00007ffa55a40000 - 0x00007ffa55a57000 	C:\Users\Juan2\.p2\pool\plugins\org.eclipse.justj.openjdk.hotspot.jre.full.win32.x86_64_11.0.16.v20220903-1116\jre\bin\jli.dll
0x00007ffa654c0000 - 0x00007ffa6565d000 	C:\Windows\System32\USER32.dll
0x00007ffa53840000 - 0x00007ffa53ada000 	C:\Windows\WinSxS\amd64_microsoft.windows.common-controls_6595b64144ccf1df_6.0.19041.1110_none_60b5254171f9507e\COMCTL32.dll
0x00007ffa65130000 - 0x00007ffa65152000 	C:\Windows\System32\win32u.dll
0x00007ffa66aa0000 - 0x00007ffa66b3e000 	C:\Windows\System32\msvcrt.dll
0x00007ffa66120000 - 0x00007ffa6614b000 	C:\Windows\System32\GDI32.dll
0x00007ffa64ae0000 - 0x00007ffa64bef000 	C:\Windows\System32\gdi32full.dll
0x00007ffa64cb0000 - 0x00007ffa64d4d000 	C:\Windows\System32\msvcp_win.dll
0x00007ffa66b40000 - 0x00007ffa66b72000 	C:\Windows\System32\IMM32.DLL
0x00007ffa559a0000 - 0x00007ffa55a3b000 	C:\Users\Juan2\.p2\pool\plugins\org.eclipse.justj.openjdk.hotspot.jre.full.win32.x86_64_11.0.16.v20220903-1116\jre\bin\msvcp140.dll
0x00007ffa09870000 - 0x00007ffa0a3f2000 	C:\Users\Juan2\.p2\pool\plugins\org.eclipse.justj.openjdk.hotspot.jre.full.win32.x86_64_11.0.16.v20220903-1116\jre\bin\server\jvm.dll
0x00007ffa65660000 - 0x00007ffa6570e000 	C:\Windows\System32\ADVAPI32.dll
0x00007ffa65310000 - 0x00007ffa653ac000 	C:\Windows\System32\sechost.dll
0x00007ffa65dd0000 - 0x00007ffa65ef5000 	C:\Windows\System32\RPCRT4.dll
0x00007ffa670c0000 - 0x00007ffa670c8000 	C:\Windows\System32\PSAPI.DLL
0x00007ffa52f90000 - 0x00007ffa52f99000 	C:\Windows\SYSTEM32\WSOCK32.dll
0x00007ffa65f10000 - 0x00007ffa65f7b000 	C:\Windows\System32\WS2_32.dll
0x00007ffa5c5d0000 - 0x00007ffa5c5f7000 	C:\Windows\SYSTEM32\WINMM.dll
0x00007ffa5c9f0000 - 0x00007ffa5c9fa000 	C:\Windows\SYSTEM32\VERSION.dll
0x00007ffa626e0000 - 0x00007ffa626f2000 	C:\Windows\SYSTEM32\kernel.appcore.dll
0x00007ffa60280000 - 0x00007ffa60290000 	C:\Users\Juan2\.p2\pool\plugins\org.eclipse.justj.openjdk.hotspot.jre.full.win32.x86_64_11.0.16.v20220903-1116\jre\bin\verify.dll
0x00007ffa5d8e0000 - 0x00007ffa5dac4000 	C:\Windows\SYSTEM32\DBGHELP.DLL
0x00007ffa5a0d0000 - 0x00007ffa5a0fc000 	C:\Windows\SYSTEM32\dbgcore.DLL
0x00007ffa64bf0000 - 0x00007ffa64c72000 	C:\Windows\System32\bcryptPrimitives.dll
0x00007ffa55a80000 - 0x00007ffa55aa8000 	C:\Users\Juan2\.p2\pool\plugins\org.eclipse.justj.openjdk.hotspot.jre.full.win32.x86_64_11.0.16.v20220903-1116\jre\bin\java.dll
0x00007ffa60270000 - 0x00007ffa6027a000 	C:\Users\Juan2\.p2\pool\plugins\org.eclipse.justj.openjdk.hotspot.jre.full.win32.x86_64_11.0.16.v20220903-1116\jre\bin\jimage.dll
0x00007ffa55980000 - 0x00007ffa55998000 	C:\Users\Juan2\.p2\pool\plugins\org.eclipse.justj.openjdk.hotspot.jre.full.win32.x86_64_11.0.16.v20220903-1116\jre\bin\zip.dll

dbghelp: loaded successfully - version: 4.0.5 - missing functions: none
symbol engine: initialized successfully - sym options: 0x614 - pdb path: .;C:\Users\Juan2\.p2\pool\plugins\org.eclipse.justj.openjdk.hotspot.jre.full.win32.x86_64_11.0.16.v20220903-1116\jre\bin;C:\Windows\SYSTEM32;C:\Program Files\Avast Software\Avast;C:\Windows\WinSxS\amd64_microsoft.windows.common-controls_6595b64144ccf1df_6.0.19041.1110_none_60b5254171f9507e;C:\Users\Juan2\.p2\pool\plugins\org.eclipse.justj.openjdk.hotspot.jre.full.win32.x86_64_11.0.16.v20220903-1116\jre\bin\server

VM Arguments:
jvm_args: -Dfile.encoding=UTF-8 
java_command: Collections.CollectionsRunner
java_class_path (initial): S:\Z_Projects\Java\Intermediate\CollectionsDemo\bin
Launcher Type: SUN_STANDARD

[Global flags]
     intx CICompilerCount                          = 3                                         {product} {ergonomic}
     uint ConcGCThreads                            = 1                                         {product} {ergonomic}
     uint G1ConcRefinementThreads                  = 4                                         {product} {ergonomic}
   size_t G1HeapRegionSize                         = 1048576                                   {product} {ergonomic}
    uintx GCDrainStackTargetSize                   = 64                                        {product} {ergonomic}
   size_t InitialHeapSize                          = 134217728                                 {product} {ergonomic}
   size_t MarkStackSize                            = 4194304                                   {product} {ergonomic}
   size_t MaxHeapSize                              = 2145386496                                {product} {ergonomic}
   size_t MinHeapDeltaBytes                        = 1048576                                   {product} {ergonomic}
    uintx NonNMethodCodeHeapSize                   = 5830732                                {pd product} {ergonomic}
    uintx NonProfiledCodeHeapSize                  = 122913754                              {pd product} {ergonomic}
    uintx ProfiledCodeHeapSize                     = 122913754                              {pd product} {ergonomic}
    uintx ReservedCodeCacheSize                    = 251658240                              {pd product} {ergonomic}
     bool SegmentedCodeCache                       = true                                      {product} {ergonomic}
     bool UseCompressedClassPointers               = true                                 {lp64_product} {ergonomic}
     bool UseCompressedOops                        = true                                 {lp64_product} {ergonomic}
     bool UseG1GC                                  = true                                      {product} {ergonomic}
     bool UseLargePagesIndividualAllocation        = false                                  {pd product} {ergonomic}

Logging:
Log output configuration:
 #0: stdout all=warning uptime,level,tags
 #1: stderr all=off uptime,level,tags

Environment Variables:
PATH=C:/Users/Juan2/.p2/pool/plugins/org.eclipse.justj.openjdk.hotspot.jre.full.win32.x86_64_11.0.16.v20220903-1116/jre/bin/server;C:/Users/Juan2/.p2/pool/plugins/org.eclipse.justj.openjdk.hotspot.jre.full.win32.x86_64_11.0.16.v20220903-1116/jre/bin;C:\Program Files\Common Files\Oracle\Java\javapath;C:\Program Files (x86)\Common Files\Oracle\Java\javapath;C:\Windows\system32;C:\Windows;C:\Windows\System32\WindowsPowerShell\v1.0\;C:\Program Files\Microsoft VS Code\bin;S:\Z_DevTools\Git\cmd;S:\Z_Projects\Node\;C:\Users\Juan2\AppData\Roaming\npm;C:\Program Files (x86)\Nmap;C:\Users\Juan2\Desktop;
USERNAME=Juan2
OS=Windows_NT
PROCESSOR_IDENTIFIER=Intel64 Family 6 Model 37 Stepping 2, GenuineIntel
TMP=C:\Users\Juan2\AppData\Local\Temp
TEMP=C:\Users\Juan2\AppData\Local\Temp



---------------  S Y S T E M  ---------------

OS: Windows 10 , 64 bit Build 19041 (10.0.19041.2251)
OS uptime: 2 days 2:44 hours
Hyper-V role detected

CPU:total 4 (initial active 4) (2 cores per cpu, 2 threads per core) family 6 model 37 stepping 2 microcode 0x11, cmov, cx8, fxsr, mmx, sse, sse2, sse3, ssse3, sse4.1, sse4.2, popcnt, aes, clmul, ht, tsc, tscinvbit

Memory: 4k page, system-wide physical 8183M (2093M free)
TotalPageFile size 8183M (AvailPageFile size 46M)
current process WorkingSet (physical memory assigned to process): 10M, peak: 10M
current process commit charge ("private bytes"): 51M, peak: 179M

vm_info: OpenJDK 64-Bit Server VM (11.0.16.1+1) for windows-amd64 JRE (11.0.16.1+1), built on Aug 16 2022 02:58:04 by "" with MS VC++ 15.9 (VS2017)

END.
